<?xml version="1.0" encoding="utf-8"?><testsuites name="pytest tests"><testsuite name="pytest" errors="0" failures="0" skipped="0" tests="12" time="97.628" timestamp="2026-07-12T09:55:04.372231+00:00" hostname="agent-env-4d821b9d-29de-4f08-a180-156605a63bf2"><testcase classname="tests.test_automation_bugs" name="test_01_profile_buffer_ready" time="0.215" /><testcase classname="tests.test_automation_bugs" name="test_02_automation_status_shape" time="0.094" /><testcase classname="tests.test_automation_bugs" name="test_03_buffer_analytics_30_days" time="0.423" /><testcase classname="tests.test_automation_bugs" name="test_04_buffer_sync_past_posts" time="0.400" /><testcase classname="tests.test_automation_bugs" name="test_05_generate_draft_post" time="10.100" /><testcase classname="tests.test_automation_bugs" name="test_06_posts_list_clean_shape" time="0.440" /><testcase classname="tests.test_automation_bugs" name="test_07_direct_schedule_creates_buffer_post" time="0.730" /><testcase classname="tests.test_automation_bugs" name="test_08_patch_approved_auto_schedules_via_buffer" time="8.696" /><testcase classname="tests.test_automation_bugs" name="test_09_multiple_approvals_spread_across_days" time="15.786" /><testcase classname="tests.test_automation_bugs" name="test_10_generate_image_concept_prompt" time="13.901" /><testcase classname="tests.test_automation_bugs" name="test_11_automation_tick_and_status_update" time="46.313" /><testcase classname="tests.test_automation_bugs" name="test_99_cleanup" time="0.482" /></testsuite></testsuites>