<?xml version="1.0" encoding="utf-8"?><testsuites name="pytest tests"><testsuite name="pytest" errors="0" failures="0" skipped="0" tests="13" time="43.736" timestamp="2026-07-12T08:57:23.596450+00:00" hostname="agent-env-4d821b9d-29de-4f08-a180-156605a63bf2"><testcase classname="tests.backend_test" name="test_01_root" time="0.221" /><testcase classname="tests.backend_test" name="test_02_profile_empty_then_saved" time="0.340" /><testcase classname="tests.backend_test" name="test_03_leads_discover" time="6.837" /><testcase classname="tests.backend_test" name="test_04_leads_list_and_patch_delete" time="0.205" /><testcase classname="tests.backend_test" name="test_05_leads_export_csv" time="0.136" /><testcase classname="tests.backend_test" name="test_06_research_generate_list_delete" time="7.600" /><testcase classname="tests.backend_test" name="test_07_posts_generate" time="5.402" /><testcase classname="tests.backend_test" name="test_08_posts_list_patch_schedule" time="0.362" /><testcase classname="tests.backend_test" name="test_09_posts_metrics_and_strategy" time="9.833" /><testcase classname="tests.backend_test" name="test_10_voice_questions_flow" time="7.253" /><testcase classname="tests.backend_test" name="test_11_emails_flow" time="4.564" /><testcase classname="tests.backend_test" name="test_12_dashboard_summary" time="0.102" /><testcase classname="tests.backend_test" name="test_13_cleanup" time="0.319" /></testsuite></testsuites>